2020-02-03 12:53:02.348  INFO 1674 --- [restartedMain] c.raj.pma.ProjectManagementApplication   : Starting ProjectManagementApplication on Rajs-MacBook-Air.local with PID 1674 (/Users/rajkhare/git/ASM-project-management/project-management/target/classes started by rajkhare in /Users/rajkhare/git/ASM-project-management/project-management)
2020-02-03 12:53:02.354 DEBUG 1674 --- [restartedMain] c.raj.pma.ProjectManagementApplication   : Running with Spring Boot v2.1.4.RELEASE, Spring v5.1.6.RELEASE
2020-02-03 12:53:02.355  INFO 1674 --- [restartedMain] c.raj.pma.ProjectManagementApplication   : The following profiles are active: dev
2020-02-03 12:53:02.473  INFO 1674 --- [restartedMain] .e.DevToolsPropertyDefaultsPostProcessor : Devtools property defaults active! Set 'spring.devtools.add-properties' to 'false' to disable
2020-02-03 12:53:02.474  INFO 1674 --- [restartedMain] .e.DevToolsPropertyDefaultsPostProcessor : For additional web related logging consider setting the 'logging.level.web' property to 'DEBUG'
2020-02-03 12:53:04.005  INFO 1674 --- [restartedMain] .s.d.r.c.RepositoryConfigurationDelegate : Bootstrapping Spring Data repositories in DEFAULT mode.
2020-02-03 12:53:04.127  INFO 1674 --- [restartedMain] .s.d.r.c.RepositoryConfigurationDelegate : Finished Spring Data repository scanning in 101ms. Found 2 repository interfaces.
2020-02-03 12:53:04.868  INFO 1674 --- [restartedMain] trationDelegate$BeanPostProcessorChecker : Bean 'org.springframework.transaction.annotation.ProxyTransactionManagementConfiguration' of type [org.springframework.transaction.annotation.ProxyTransactionManagementConfiguration$$EnhancerBySpringCGLIB$$1165fe1f] is not eligible for getting processed by all BeanPostProcessors (for example: not eligible for auto-proxying)
2020-02-03 12:53:05.639  INFO 1674 --- [restartedMain] o.s.b.w.embedded.tomcat.TomcatWebServer  : Tomcat initialized with port(s): 8080 (http)
2020-02-03 12:53:05.880  INFO 1674 --- [restartedMain] o.s.web.context.ContextLoader            : Root WebApplicationContext: initialization completed in 3404 ms
2020-02-03 12:53:06.496  INFO 1674 --- [restartedMain] o.s.b.d.a.OptionalLiveReloadServer       : LiveReload server is running on port 35729
2020-02-03 12:53:09.275  INFO 1674 --- [restartedMain] j.LocalContainerEntityManagerFactoryBean : Initialized JPA EntityManagerFactory for persistence unit 'default'
2020-02-03 12:53:10.398  INFO 1674 --- [restartedMain] o.s.s.web.DefaultSecurityFilterChain     : Creating filter chain: any request, [org.springframework.security.web.context.request.async.WebAsyncManagerIntegrationFilter@4fcbaec6, org.springframework.security.web.context.SecurityContextPersistenceFilter@6a84a4b6, org.springframework.security.web.header.HeaderWriterFilter@7a18e1a4, org.springframework.security.web.csrf.CsrfFilter@41827031, org.springframework.security.web.authentication.logout.LogoutFilter@5aee5d53, org.springframework.security.web.authentication.UsernamePasswordAuthenticationFilter@317a0873, org.springframework.security.web.authentication.ui.DefaultLoginPageGeneratingFilter@69650748, org.springframework.security.web.authentication.ui.DefaultLogoutPageGeneratingFilter@b56e9b1, org.springframework.security.web.savedrequest.RequestCacheAwareFilter@3df79cb8, org.springframework.security.web.servletapi.SecurityContextHolderAwareRequestFilter@34c228f9, org.springframework.security.web.authentication.AnonymousAuthenticationFilter@6d628354, org.springframework.security.web.session.SessionManagementFilter@657c2672, org.springframework.security.web.access.ExceptionTranslationFilter@103f001a, org.springframework.security.web.access.intercept.FilterSecurityInterceptor@1fcbc9b8]
2020-02-03 12:53:10.749  INFO 1674 --- [restartedMain] o.s.s.concurrent.ThreadPoolTaskExecutor  : Initializing ExecutorService 'applicationTaskExecutor'
2020-02-03 12:53:10.839  WARN 1674 --- [restartedMain] aWebConfiguration$JpaWebMvcConfiguration : spring.jpa.open-in-view is enabled by default. Therefore, database queries may be performed during view rendering. Explicitly configure spring.jpa.open-in-view to disable this warning
2020-02-03 12:53:11.247  INFO 1674 --- [restartedMain] o.s.b.w.embedded.tomcat.TomcatWebServer  : Tomcat started on port(s): 8080 (http) with context path ''
2020-02-03 12:53:11.254  INFO 1674 --- [restartedMain] c.raj.pma.ProjectManagementApplication   : Started ProjectManagementApplication in 9.684 seconds (JVM running for 16.33)
2020-02-03 12:58:12.201  INFO 1674 --- [http-nio-8080-exec-1] o.s.web.servlet.DispatcherServlet        : Initializing Servlet 'dispatcherServlet'
2020-02-03 12:58:12.225  INFO 1674 --- [http-nio-8080-exec-1] o.s.web.servlet.DispatcherServlet        : Completed initialization in 22 ms
2020-02-03 12:58:41.955 DEBUG 1674 --- [http-nio-8080-exec-8] c.r.pma.logging.ApplicationLoggerAspect  : 
 
 

2020-02-03 12:58:41.960 DEBUG 1674 --- [http-nio-8080-exec-8] c.r.pma.logging.ApplicationLoggerAspect  : ************** Before Method Excecution ************* 
 com.raj.pma.controllers.HomeController.displayHome () with arguments[s]= [{}]
2020-02-03 12:58:41.960 DEBUG 1674 --- [http-nio-8080-exec-8] c.r.pma.logging.ApplicationLoggerAspect  : --------------------------------------
 
 

2020-02-03 12:58:42.319 DEBUG 1674 --- [http-nio-8080-exec-8] c.r.pma.logging.ApplicationLoggerAspect  : ************** After Method Excecution ************* 
 com.raj.pma.controllers.HomeController.displayHome () with arguments[s]= [{versionNumber=dev, projects=[], projectStatusCount=[], employeesProjectCount=[]}]
2020-02-03 12:58:42.319 DEBUG 1674 --- [http-nio-8080-exec-8] c.r.pma.logging.ApplicationLoggerAspect  : --------------------------------------
 
 

2020-02-03 12:58:49.198 DEBUG 1674 --- [http-nio-8080-exec-1] c.r.pma.logging.ApplicationLoggerAspect  : 
 
 

2020-02-03 12:58:49.199 DEBUG 1674 --- [http-nio-8080-exec-1] c.r.pma.logging.ApplicationLoggerAspect  : ************** Before Method Excecution ************* 
 com.raj.pma.controllers.ProjectController.displayProjects () with arguments[s]= [{}]
2020-02-03 12:58:49.199 DEBUG 1674 --- [http-nio-8080-exec-1] c.r.pma.logging.ApplicationLoggerAspect  : --------------------------------------
 
 

2020-02-03 12:58:49.204 DEBUG 1674 --- [http-nio-8080-exec-1] c.r.pma.logging.ApplicationLoggerAspect  : ************** After Method Excecution ************* 
 com.raj.pma.controllers.ProjectController.displayProjects () with arguments[s]= [{projects=[]}]
2020-02-03 12:58:49.204 DEBUG 1674 --- [http-nio-8080-exec-1] c.r.pma.logging.ApplicationLoggerAspect  : --------------------------------------
 
 

2020-02-03 13:00:27.627 DEBUG 1674 --- [http-nio-8080-exec-9] c.r.pma.logging.ApplicationLoggerAspect  : 
 
 

2020-02-03 13:00:27.627 DEBUG 1674 --- [http-nio-8080-exec-9] c.r.pma.logging.ApplicationLoggerAspect  : ************** Before Method Excecution ************* 
 com.raj.pma.controllers.ProjectController.displayProjects () with arguments[s]= [{}]
2020-02-03 13:00:27.627 DEBUG 1674 --- [http-nio-8080-exec-9] c.r.pma.logging.ApplicationLoggerAspect  : --------------------------------------
 
 

2020-02-03 13:00:27.629 DEBUG 1674 --- [http-nio-8080-exec-9] c.r.pma.logging.ApplicationLoggerAspect  : ************** After Method Excecution ************* 
 com.raj.pma.controllers.ProjectController.displayProjects () with arguments[s]= [{projects=[]}]
2020-02-03 13:00:27.629 DEBUG 1674 --- [http-nio-8080-exec-9] c.r.pma.logging.ApplicationLoggerAspect  : --------------------------------------
 
 

2020-02-03 13:00:29.267 DEBUG 1674 --- [http-nio-8080-exec-1] c.r.pma.logging.ApplicationLoggerAspect  : 
 
 

2020-02-03 13:00:29.267 DEBUG 1674 --- [http-nio-8080-exec-1] c.r.pma.logging.ApplicationLoggerAspect  : ************** Before Method Excecution ************* 
 com.raj.pma.controllers.HomeController.displayHome () with arguments[s]= [{}]
2020-02-03 13:00:29.267 DEBUG 1674 --- [http-nio-8080-exec-1] c.r.pma.logging.ApplicationLoggerAspect  : --------------------------------------
 
 

2020-02-03 13:00:29.271 DEBUG 1674 --- [http-nio-8080-exec-1] c.r.pma.logging.ApplicationLoggerAspect  : ************** After Method Excecution ************* 
 com.raj.pma.controllers.HomeController.displayHome () with arguments[s]= [{versionNumber=dev, projects=[], projectStatusCount=[], employeesProjectCount=[]}]
2020-02-03 13:00:29.271 DEBUG 1674 --- [http-nio-8080-exec-1] c.r.pma.logging.ApplicationLoggerAspect  : --------------------------------------
 
 

2020-02-03 13:01:16.244 DEBUG 1674 --- [http-nio-8080-exec-4] c.r.pma.logging.ApplicationLoggerAspect  : 
 
 

2020-02-03 13:01:16.244 DEBUG 1674 --- [http-nio-8080-exec-4] c.r.pma.logging.ApplicationLoggerAspect  : ************** Before Method Excecution ************* 
 com.raj.pma.controllers.HomeController.displayHome () with arguments[s]= [{}]
2020-02-03 13:01:16.244 DEBUG 1674 --- [http-nio-8080-exec-4] c.r.pma.logging.ApplicationLoggerAspect  : --------------------------------------
 
 

2020-02-03 13:01:16.248 DEBUG 1674 --- [http-nio-8080-exec-4] c.r.pma.logging.ApplicationLoggerAspect  : ************** After Method Excecution ************* 
 com.raj.pma.controllers.HomeController.displayHome () with arguments[s]= [{versionNumber=dev, projects=[], projectStatusCount=[], employeesProjectCount=[]}]
2020-02-03 13:01:16.248 DEBUG 1674 --- [http-nio-8080-exec-4] c.r.pma.logging.ApplicationLoggerAspect  : --------------------------------------
 
 

2020-02-03 13:01:18.765 DEBUG 1674 --- [http-nio-8080-exec-7] c.r.pma.logging.ApplicationLoggerAspect  : 
 
 

2020-02-03 13:01:18.765 DEBUG 1674 --- [http-nio-8080-exec-7] c.r.pma.logging.ApplicationLoggerAspect  : ************** Before Method Excecution ************* 
 com.raj.pma.controllers.ProjectController.displayProjects () with arguments[s]= [{}]
2020-02-03 13:01:18.765 DEBUG 1674 --- [http-nio-8080-exec-7] c.r.pma.logging.ApplicationLoggerAspect  : --------------------------------------
 
 

2020-02-03 13:01:18.767 DEBUG 1674 --- [http-nio-8080-exec-7] c.r.pma.logging.ApplicationLoggerAspect  : ************** After Method Excecution ************* 
 com.raj.pma.controllers.ProjectController.displayProjects () with arguments[s]= [{projects=[]}]
2020-02-03 13:01:18.768 DEBUG 1674 --- [http-nio-8080-exec-7] c.r.pma.logging.ApplicationLoggerAspect  : --------------------------------------
 
 

2020-02-03 13:01:19.957 DEBUG 1674 --- [http-nio-8080-exec-10] c.r.pma.logging.ApplicationLoggerAspect  : 
 
 

2020-02-03 13:01:19.958 DEBUG 1674 --- [http-nio-8080-exec-10] c.r.pma.logging.ApplicationLoggerAspect  : ************** Before Method Excecution ************* 
 com.raj.pma.controllers.ProjectController.displayProjectForm () with arguments[s]= [{}]
2020-02-03 13:01:19.958 DEBUG 1674 --- [http-nio-8080-exec-10] c.r.pma.logging.ApplicationLoggerAspect  : --------------------------------------
 
 

2020-02-03 13:01:19.963 DEBUG 1674 --- [http-nio-8080-exec-10] c.r.pma.logging.ApplicationLoggerAspect  : ************** After Method Excecution ************* 
 com.raj.pma.controllers.ProjectController.displayProjectForm () with arguments[s]= [{project=com.raj.pma.entities.Project@7805cc98, allEmployees=[]}]
2020-02-03 13:01:19.963 DEBUG 1674 --- [http-nio-8080-exec-10] c.r.pma.logging.ApplicationLoggerAspect  : --------------------------------------
 
 

2020-02-03 13:01:21.881 DEBUG 1674 --- [http-nio-8080-exec-1] c.r.pma.logging.ApplicationLoggerAspect  : 
 
 

2020-02-03 13:01:21.881 DEBUG 1674 --- [http-nio-8080-exec-1] c.r.pma.logging.ApplicationLoggerAspect  : ************** Before Method Excecution ************* 
 com.raj.pma.controllers.EmployeeController.displayEmployees () with arguments[s]= [{}]
2020-02-03 13:01:21.881 DEBUG 1674 --- [http-nio-8080-exec-1] c.r.pma.logging.ApplicationLoggerAspect  : --------------------------------------
 
 

2020-02-03 13:01:21.888 DEBUG 1674 --- [http-nio-8080-exec-1] c.r.pma.logging.ApplicationLoggerAspect  : ************** After Method Excecution ************* 
 com.raj.pma.controllers.EmployeeController.displayEmployees () with arguments[s]= [{employees=[]}]
2020-02-03 13:01:21.888 DEBUG 1674 --- [http-nio-8080-exec-1] c.r.pma.logging.ApplicationLoggerAspect  : --------------------------------------
 
 

2020-02-03 13:01:22.872 DEBUG 1674 --- [http-nio-8080-exec-3] c.r.pma.logging.ApplicationLoggerAspect  : 
 
 

2020-02-03 13:01:22.872 DEBUG 1674 --- [http-nio-8080-exec-3] c.r.pma.logging.ApplicationLoggerAspect  : ************** Before Method Excecution ************* 
 com.raj.pma.controllers.EmployeeController.displayEmployeeForm () with arguments[s]= [{}]
2020-02-03 13:01:22.873 DEBUG 1674 --- [http-nio-8080-exec-3] c.r.pma.logging.ApplicationLoggerAspect  : --------------------------------------
 
 

2020-02-03 13:01:22.873 DEBUG 1674 --- [http-nio-8080-exec-3] c.r.pma.logging.ApplicationLoggerAspect  : ************** After Method Excecution ************* 
 com.raj.pma.controllers.EmployeeController.displayEmployeeForm () with arguments[s]= [{employee=com.raj.pma.entities.Employee@6bd7b94f}]
2020-02-03 13:01:22.873 DEBUG 1674 --- [http-nio-8080-exec-3] c.r.pma.logging.ApplicationLoggerAspect  : --------------------------------------
 
 

2020-02-03 13:04:02.860  INFO 1674 --- [Thread-4] o.s.s.concurrent.ThreadPoolTaskExecutor  : Shutting down ExecutorService 'applicationTaskExecutor'
2020-02-03 13:04:02.862  INFO 1674 --- [Thread-4] j.LocalContainerEntityManagerFactoryBean : Closing JPA EntityManagerFactory for persistence unit 'default'
2020-02-03 13:04:02.877  INFO 1674 --- [Thread-4] o.s.b.f.support.DisposableBeanAdapter    : Invocation of destroy method failed on bean with name 'inMemoryDatabaseShutdownExecutor': org.h2.jdbc.JdbcSQLNonTransientConnectionException: Database is already closed (to disable automatic closing at VM shutdown, add ";DB_CLOSE_ON_EXIT=FALSE" to the db URL) [90121-199]
2020-02-03 13:04:08.151  INFO 1674 --- [restartedMain] c.raj.pma.ProjectManagementApplication   : Starting ProjectManagementApplication on Rajs-MacBook-Air.local with PID 1674 (/Users/rajkhare/git/ASM-project-management/project-management/target/classes started by rajkhare in /Users/rajkhare/git/ASM-project-management/project-management)
2020-02-03 13:04:08.151 DEBUG 1674 --- [restartedMain] c.raj.pma.ProjectManagementApplication   : Running with Spring Boot v2.1.4.RELEASE, Spring v5.1.6.RELEASE
2020-02-03 13:04:08.152  INFO 1674 --- [restartedMain] c.raj.pma.ProjectManagementApplication   : The following profiles are active: dev
2020-02-03 13:04:08.422  INFO 1674 --- [restartedMain] .s.d.r.c.RepositoryConfigurationDelegate : Bootstrapping Spring Data repositories in DEFAULT mode.
2020-02-03 13:04:08.435  INFO 1674 --- [restartedMain] .s.d.r.c.RepositoryConfigurationDelegate : Finished Spring Data repository scanning in 13ms. Found 2 repository interfaces.
2020-02-03 13:04:08.515  INFO 1674 --- [restartedMain] trationDelegate$BeanPostProcessorChecker : Bean 'org.springframework.transaction.annotation.ProxyTransactionManagementConfiguration' of type [org.springframework.transaction.annotation.ProxyTransactionManagementConfiguration$$EnhancerBySpringCGLIB$$1165fe1f] is not eligible for getting processed by all BeanPostProcessors (for example: not eligible for auto-proxying)
2020-02-03 13:04:08.594  INFO 1674 --- [restartedMain] o.s.b.w.embedded.tomcat.TomcatWebServer  : Tomcat initialized with port(s): 8080 (http)
2020-02-03 13:04:08.611  INFO 1674 --- [restartedMain] o.s.web.context.ContextLoader            : Root WebApplicationContext: initialization completed in 458 ms
2020-02-03 13:04:08.679  INFO 1674 --- [restartedMain] o.s.b.d.a.OptionalLiveReloadServer       : LiveReload server is running on port 35729
2020-02-03 13:04:08.798  INFO 1674 --- [restartedMain] j.LocalContainerEntityManagerFactoryBean : Initialized JPA EntityManagerFactory for persistence unit 'default'
2020-02-03 13:04:08.921  INFO 1674 --- [restartedMain] o.s.s.web.DefaultSecurityFilterChain     : Creating filter chain: any request, [org.springframework.security.web.context.request.async.WebAsyncManagerIntegrationFilter@76ab2dfd, org.springframework.security.web.context.SecurityContextPersistenceFilter@29561eac, org.springframework.security.web.header.HeaderWriterFilter@7443a402, org.springframework.security.web.csrf.CsrfFilter@63bfefb, org.springframework.security.web.authentication.logout.LogoutFilter@2727a9b8, org.springframework.security.web.authentication.UsernamePasswordAuthenticationFilter@31c549f5, org.springframework.security.web.authentication.ui.DefaultLoginPageGeneratingFilter@3e1d63a9, org.springframework.security.web.authentication.ui.DefaultLogoutPageGeneratingFilter@7c2a0cf6, org.springframework.security.web.savedrequest.RequestCacheAwareFilter@38689b75, org.springframework.security.web.servletapi.SecurityContextHolderAwareRequestFilter@51e25bce, org.springframework.security.web.authentication.AnonymousAuthenticationFilter@2791928, org.springframework.security.web.session.SessionManagementFilter@7043ea79, org.springframework.security.web.access.ExceptionTranslationFilter@1fd1cfdc, org.springframework.security.web.access.intercept.FilterSecurityInterceptor@6c9247fc]
2020-02-03 13:04:08.991  INFO 1674 --- [restartedMain] o.s.s.concurrent.ThreadPoolTaskExecutor  : Initializing ExecutorService 'applicationTaskExecutor'
2020-02-03 13:04:08.998  WARN 1674 --- [restartedMain] aWebConfiguration$JpaWebMvcConfiguration : spring.jpa.open-in-view is enabled by default. Therefore, database queries may be performed during view rendering. Explicitly configure spring.jpa.open-in-view to disable this warning
2020-02-03 13:04:09.112  INFO 1674 --- [restartedMain] o.s.b.w.embedded.tomcat.TomcatWebServer  : Tomcat started on port(s): 8080 (http) with context path ''
2020-02-03 13:04:09.113  INFO 1674 --- [restartedMain] c.raj.pma.ProjectManagementApplication   : Started ProjectManagementApplication in 6.008 seconds (JVM running for 674.17)
2020-02-03 13:04:09.120  INFO 1674 --- [restartedMain] .ConditionEvaluationDeltaLoggingListener : Condition evaluation unchanged
2020-02-03 13:04:29.812  INFO 1674 --- [http-nio-8080-exec-1] o.s.web.servlet.DispatcherServlet        : Initializing Servlet 'dispatcherServlet'
2020-02-03 13:04:29.818  INFO 1674 --- [http-nio-8080-exec-1] o.s.web.servlet.DispatcherServlet        : Completed initialization in 5 ms
2020-02-03 13:04:29.821 DEBUG 1674 --- [http-nio-8080-exec-1] c.r.pma.logging.ApplicationLoggerAspect  : 
 
 

2020-02-03 13:04:29.822 DEBUG 1674 --- [http-nio-8080-exec-1] c.r.pma.logging.ApplicationLoggerAspect  : ************** Before Method Excecution ************* 
 com.raj.pma.controllers.EmployeeController.displayEmployeeForm () with arguments[s]= [{}]
2020-02-03 13:04:29.822 DEBUG 1674 --- [http-nio-8080-exec-1] c.r.pma.logging.ApplicationLoggerAspect  : --------------------------------------
 
 

2020-02-03 13:04:29.829 DEBUG 1674 --- [http-nio-8080-exec-1] c.r.pma.logging.ApplicationLoggerAspect  : ************** After Method Excecution ************* 
 com.raj.pma.controllers.EmployeeController.displayEmployeeForm () with arguments[s]= [{employee=com.raj.pma.entities.Employee@4b6a704}]
2020-02-03 13:04:29.830 DEBUG 1674 --- [http-nio-8080-exec-1] c.r.pma.logging.ApplicationLoggerAspect  : --------------------------------------
 
 

2020-02-03 13:04:30.771 DEBUG 1674 --- [http-nio-8080-exec-3] c.r.pma.logging.ApplicationLoggerAspect  : 
 
 

2020-02-03 13:04:30.772 DEBUG 1674 --- [http-nio-8080-exec-3] c.r.pma.logging.ApplicationLoggerAspect  : ************** Before Method Excecution ************* 
 com.raj.pma.controllers.EmployeeController.displayEmployees () with arguments[s]= [{}]
2020-02-03 13:04:30.772 DEBUG 1674 --- [http-nio-8080-exec-3] c.r.pma.logging.ApplicationLoggerAspect  : --------------------------------------
 
 

2020-02-03 13:04:30.780 DEBUG 1674 --- [http-nio-8080-exec-3] c.r.pma.logging.ApplicationLoggerAspect  : ************** After Method Excecution ************* 
 com.raj.pma.controllers.EmployeeController.displayEmployees () with arguments[s]= [{employees=[]}]
2020-02-03 13:04:30.780 DEBUG 1674 --- [http-nio-8080-exec-3] c.r.pma.logging.ApplicationLoggerAspect  : --------------------------------------
 
 

2020-02-03 13:04:32.153 DEBUG 1674 --- [http-nio-8080-exec-5] c.r.pma.logging.ApplicationLoggerAspect  : 
 
 

2020-02-03 13:04:32.154 DEBUG 1674 --- [http-nio-8080-exec-5] c.r.pma.logging.ApplicationLoggerAspect  : ************** Before Method Excecution ************* 
 com.raj.pma.controllers.HomeController.displayHome () with arguments[s]= [{}]
2020-02-03 13:04:32.154 DEBUG 1674 --- [http-nio-8080-exec-5] c.r.pma.logging.ApplicationLoggerAspect  : --------------------------------------
 
 

2020-02-03 13:04:32.169 DEBUG 1674 --- [http-nio-8080-exec-5] c.r.pma.logging.ApplicationLoggerAspect  : ************** After Method Excecution ************* 
 com.raj.pma.controllers.HomeController.displayHome () with arguments[s]= [{versionNumber=dev, projects=[], projectStatusCount=[], employeesProjectCount=[]}]
2020-02-03 13:04:32.170 DEBUG 1674 --- [http-nio-8080-exec-5] c.r.pma.logging.ApplicationLoggerAspect  : --------------------------------------
 
 

2020-02-03 13:04:42.513 DEBUG 1674 --- [http-nio-8080-exec-3] c.r.pma.logging.ApplicationLoggerAspect  : 
 
 

2020-02-03 13:04:42.514 DEBUG 1674 --- [http-nio-8080-exec-3] c.r.pma.logging.ApplicationLoggerAspect  : ************** Before Method Excecution ************* 
 com.raj.pma.controllers.HomeController.displayHome () with arguments[s]= [{}]
2020-02-03 13:04:42.514 DEBUG 1674 --- [http-nio-8080-exec-3] c.r.pma.logging.ApplicationLoggerAspect  : --------------------------------------
 
 

2020-02-03 13:04:42.517 DEBUG 1674 --- [http-nio-8080-exec-3] c.r.pma.logging.ApplicationLoggerAspect  : ************** After Method Excecution ************* 
 com.raj.pma.controllers.HomeController.displayHome () with arguments[s]= [{versionNumber=dev, projects=[], projectStatusCount=[], employeesProjectCount=[]}]
2020-02-03 13:04:42.517 DEBUG 1674 --- [http-nio-8080-exec-3] c.r.pma.logging.ApplicationLoggerAspect  : --------------------------------------
 
 

2020-02-03 13:04:44.259 DEBUG 1674 --- [http-nio-8080-exec-7] c.r.pma.logging.ApplicationLoggerAspect  : 
 
 

2020-02-03 13:04:44.259 DEBUG 1674 --- [http-nio-8080-exec-7] c.r.pma.logging.ApplicationLoggerAspect  : ************** Before Method Excecution ************* 
 com.raj.pma.controllers.EmployeeController.displayEmployees () with arguments[s]= [{}]
2020-02-03 13:04:44.259 DEBUG 1674 --- [http-nio-8080-exec-7] c.r.pma.logging.ApplicationLoggerAspect  : --------------------------------------
 
 

2020-02-03 13:04:44.262 DEBUG 1674 --- [http-nio-8080-exec-7] c.r.pma.logging.ApplicationLoggerAspect  : ************** After Method Excecution ************* 
 com.raj.pma.controllers.EmployeeController.displayEmployees () with arguments[s]= [{employees=[]}]
2020-02-03 13:04:44.262 DEBUG 1674 --- [http-nio-8080-exec-7] c.r.pma.logging.ApplicationLoggerAspect  : --------------------------------------
 
 

2020-02-03 13:04:47.217 DEBUG 1674 --- [http-nio-8080-exec-9] c.r.pma.logging.ApplicationLoggerAspect  : 
 
 

2020-02-03 13:04:47.217 DEBUG 1674 --- [http-nio-8080-exec-9] c.r.pma.logging.ApplicationLoggerAspect  : ************** Before Method Excecution ************* 
 com.raj.pma.controllers.EmployeeController.displayEmployeeForm () with arguments[s]= [{}]
2020-02-03 13:04:47.218 DEBUG 1674 --- [http-nio-8080-exec-9] c.r.pma.logging.ApplicationLoggerAspect  : --------------------------------------
 
 

2020-02-03 13:04:47.218 DEBUG 1674 --- [http-nio-8080-exec-9] c.r.pma.logging.ApplicationLoggerAspect  : ************** After Method Excecution ************* 
 com.raj.pma.controllers.EmployeeController.displayEmployeeForm () with arguments[s]= [{employee=com.raj.pma.entities.Employee@1f63a0b4}]
2020-02-03 13:04:47.218 DEBUG 1674 --- [http-nio-8080-exec-9] c.r.pma.logging.ApplicationLoggerAspect  : --------------------------------------
 
 

2020-02-03 13:04:50.651 DEBUG 1674 --- [http-nio-8080-exec-1] c.r.pma.logging.ApplicationLoggerAspect  : 
 
 

2020-02-03 13:04:50.651 DEBUG 1674 --- [http-nio-8080-exec-1] c.r.pma.logging.ApplicationLoggerAspect  : ************** Before Method Excecution ************* 
 com.raj.pma.controllers.EmployeeController.displayEmployeeForm () with arguments[s]= [{}]
2020-02-03 13:04:50.651 DEBUG 1674 --- [http-nio-8080-exec-1] c.r.pma.logging.ApplicationLoggerAspect  : --------------------------------------
 
 

2020-02-03 13:04:50.651 DEBUG 1674 --- [http-nio-8080-exec-1] c.r.pma.logging.ApplicationLoggerAspect  : ************** After Method Excecution ************* 
 com.raj.pma.controllers.EmployeeController.displayEmployeeForm () with arguments[s]= [{employee=com.raj.pma.entities.Employee@7d20427f}]
2020-02-03 13:04:50.651 DEBUG 1674 --- [http-nio-8080-exec-1] c.r.pma.logging.ApplicationLoggerAspect  : --------------------------------------
 
 

2020-02-03 13:04:51.153 DEBUG 1674 --- [http-nio-8080-exec-4] c.r.pma.logging.ApplicationLoggerAspect  : 
 
 

2020-02-03 13:04:51.154 DEBUG 1674 --- [http-nio-8080-exec-4] c.r.pma.logging.ApplicationLoggerAspect  : ************** Before Method Excecution ************* 
 com.raj.pma.controllers.EmployeeController.displayEmployees () with arguments[s]= [{}]
2020-02-03 13:04:51.154 DEBUG 1674 --- [http-nio-8080-exec-4] c.r.pma.logging.ApplicationLoggerAspect  : --------------------------------------
 
 

2020-02-03 13:04:51.156 DEBUG 1674 --- [http-nio-8080-exec-4] c.r.pma.logging.ApplicationLoggerAspect  : ************** After Method Excecution ************* 
 com.raj.pma.controllers.EmployeeController.displayEmployees () with arguments[s]= [{employees=[]}]
2020-02-03 13:04:51.156 DEBUG 1674 --- [http-nio-8080-exec-4] c.r.pma.logging.ApplicationLoggerAspect  : --------------------------------------
 
 

2020-02-03 13:04:52.489 DEBUG 1674 --- [http-nio-8080-exec-5] c.r.pma.logging.ApplicationLoggerAspect  : 
 
 

2020-02-03 13:04:52.489 DEBUG 1674 --- [http-nio-8080-exec-5] c.r.pma.logging.ApplicationLoggerAspect  : ************** Before Method Excecution ************* 
 com.raj.pma.controllers.HomeController.displayHome () with arguments[s]= [{}]
2020-02-03 13:04:52.490 DEBUG 1674 --- [http-nio-8080-exec-5] c.r.pma.logging.ApplicationLoggerAspect  : --------------------------------------
 
 

2020-02-03 13:04:52.496 DEBUG 1674 --- [http-nio-8080-exec-5] c.r.pma.logging.ApplicationLoggerAspect  : ************** After Method Excecution ************* 
 com.raj.pma.controllers.HomeController.displayHome () with arguments[s]= [{versionNumber=dev, projects=[], projectStatusCount=[], employeesProjectCount=[]}]
2020-02-03 13:04:52.496 DEBUG 1674 --- [http-nio-8080-exec-5] c.r.pma.logging.ApplicationLoggerAspect  : --------------------------------------
 
 

2020-02-03 13:05:15.772 DEBUG 1674 --- [http-nio-8080-exec-8] c.r.pma.logging.ApplicationLoggerAspect  : 
 
 

2020-02-03 13:05:15.773 DEBUG 1674 --- [http-nio-8080-exec-8] c.r.pma.logging.ApplicationLoggerAspect  : ************** Before Method Excecution ************* 
 com.raj.pma.controllers.HomeController.displayHome () with arguments[s]= [{}]
2020-02-03 13:05:15.773 DEBUG 1674 --- [http-nio-8080-exec-8] c.r.pma.logging.ApplicationLoggerAspect  : --------------------------------------
 
 

2020-02-03 13:05:15.776 DEBUG 1674 --- [http-nio-8080-exec-8] c.r.pma.logging.ApplicationLoggerAspect  : ************** After Method Excecution ************* 
 com.raj.pma.controllers.HomeController.displayHome () with arguments[s]= [{versionNumber=dev, projects=[], projectStatusCount=[], employeesProjectCount=[]}]
2020-02-03 13:05:15.777 DEBUG 1674 --- [http-nio-8080-exec-8] c.r.pma.logging.ApplicationLoggerAspect  : --------------------------------------
 
 

2020-02-03 13:05:17.828 DEBUG 1674 --- [http-nio-8080-exec-10] c.r.pma.logging.ApplicationLoggerAspect  : 
 
 

2020-02-03 13:05:17.828 DEBUG 1674 --- [http-nio-8080-exec-10] c.r.pma.logging.ApplicationLoggerAspect  : ************** Before Method Excecution ************* 
 com.raj.pma.controllers.EmployeeController.displayEmployees () with arguments[s]= [{}]
2020-02-03 13:05:17.828 DEBUG 1674 --- [http-nio-8080-exec-10] c.r.pma.logging.ApplicationLoggerAspect  : --------------------------------------
 
 

2020-02-03 13:05:17.833 DEBUG 1674 --- [http-nio-8080-exec-10] c.r.pma.logging.ApplicationLoggerAspect  : ************** After Method Excecution ************* 
 com.raj.pma.controllers.EmployeeController.displayEmployees () with arguments[s]= [{employees=[]}]
2020-02-03 13:05:17.833 DEBUG 1674 --- [http-nio-8080-exec-10] c.r.pma.logging.ApplicationLoggerAspect  : --------------------------------------
 
 

2020-02-03 13:05:18.934 DEBUG 1674 --- [http-nio-8080-exec-2] c.r.pma.logging.ApplicationLoggerAspect  : 
 
 

2020-02-03 13:05:18.934 DEBUG 1674 --- [http-nio-8080-exec-2] c.r.pma.logging.ApplicationLoggerAspect  : ************** Before Method Excecution ************* 
 com.raj.pma.controllers.EmployeeController.displayEmployeeForm () with arguments[s]= [{}]
2020-02-03 13:05:18.934 DEBUG 1674 --- [http-nio-8080-exec-2] c.r.pma.logging.ApplicationLoggerAspect  : --------------------------------------
 
 

2020-02-03 13:05:18.935 DEBUG 1674 --- [http-nio-8080-exec-2] c.r.pma.logging.ApplicationLoggerAspect  : ************** After Method Excecution ************* 
 com.raj.pma.controllers.EmployeeController.displayEmployeeForm () with arguments[s]= [{employee=com.raj.pma.entities.Employee@7e9189eb}]
2020-02-03 13:05:18.935 DEBUG 1674 --- [http-nio-8080-exec-2] c.r.pma.logging.ApplicationLoggerAspect  : --------------------------------------
 
 

2020-02-03 13:05:22.882 DEBUG 1674 --- [http-nio-8080-exec-3] c.r.pma.logging.ApplicationLoggerAspect  : 
 
 

2020-02-03 13:05:22.883 DEBUG 1674 --- [http-nio-8080-exec-3] c.r.pma.logging.ApplicationLoggerAspect  : ************** Before Method Excecution ************* 
 com.raj.pma.controllers.HomeController.displayHome () with arguments[s]= [{}]
2020-02-03 13:05:22.883 DEBUG 1674 --- [http-nio-8080-exec-3] c.r.pma.logging.ApplicationLoggerAspect  : --------------------------------------
 
 

2020-02-03 13:05:22.890 DEBUG 1674 --- [http-nio-8080-exec-3] c.r.pma.logging.ApplicationLoggerAspect  : ************** After Method Excecution ************* 
 com.raj.pma.controllers.HomeController.displayHome () with arguments[s]= [{versionNumber=dev, projects=[], projectStatusCount=[], employeesProjectCount=[]}]
2020-02-03 13:05:22.890 DEBUG 1674 --- [http-nio-8080-exec-3] c.r.pma.logging.ApplicationLoggerAspect  : --------------------------------------
 
 

2020-02-03 13:05:24.912 DEBUG 1674 --- [http-nio-8080-exec-8] c.r.pma.logging.ApplicationLoggerAspect  : 
 
 

2020-02-03 13:05:24.912 DEBUG 1674 --- [http-nio-8080-exec-8] c.r.pma.logging.ApplicationLoggerAspect  : ************** Before Method Excecution ************* 
 com.raj.pma.controllers.ProjectController.displayProjects () with arguments[s]= [{}]
2020-02-03 13:05:24.913 DEBUG 1674 --- [http-nio-8080-exec-8] c.r.pma.logging.ApplicationLoggerAspect  : --------------------------------------
 
 

2020-02-03 13:05:24.919 DEBUG 1674 --- [http-nio-8080-exec-8] c.r.pma.logging.ApplicationLoggerAspect  : ************** After Method Excecution ************* 
 com.raj.pma.controllers.ProjectController.displayProjects () with arguments[s]= [{projects=[]}]
2020-02-03 13:05:24.919 DEBUG 1674 --- [http-nio-8080-exec-8] c.r.pma.logging.ApplicationLoggerAspect  : --------------------------------------
 
 

2020-02-03 13:05:32.592 DEBUG 1674 --- [http-nio-8080-exec-1] c.r.pma.logging.ApplicationLoggerAspect  : 
 
 

2020-02-03 13:05:32.592 DEBUG 1674 --- [http-nio-8080-exec-1] c.r.pma.logging.ApplicationLoggerAspect  : ************** Before Method Excecution ************* 
 com.raj.pma.controllers.EmployeeController.displayEmployees () with arguments[s]= [{}]
2020-02-03 13:05:32.593 DEBUG 1674 --- [http-nio-8080-exec-1] c.r.pma.logging.ApplicationLoggerAspect  : --------------------------------------
 
 

2020-02-03 13:05:32.594 DEBUG 1674 --- [http-nio-8080-exec-1] c.r.pma.logging.ApplicationLoggerAspect  : ************** After Method Excecution ************* 
 com.raj.pma.controllers.EmployeeController.displayEmployees () with arguments[s]= [{employees=[]}]
2020-02-03 13:05:32.594 DEBUG 1674 --- [http-nio-8080-exec-1] c.r.pma.logging.ApplicationLoggerAspect  : --------------------------------------
 
 

2020-02-03 13:05:33.735 DEBUG 1674 --- [http-nio-8080-exec-4] c.r.pma.logging.ApplicationLoggerAspect  : 
 
 

2020-02-03 13:05:33.735 DEBUG 1674 --- [http-nio-8080-exec-4] c.r.pma.logging.ApplicationLoggerAspect  : ************** Before Method Excecution ************* 
 com.raj.pma.controllers.EmployeeController.displayEmployeeForm () with arguments[s]= [{}]
2020-02-03 13:05:33.736 DEBUG 1674 --- [http-nio-8080-exec-4] c.r.pma.logging.ApplicationLoggerAspect  : --------------------------------------
 
 

2020-02-03 13:05:33.736 DEBUG 1674 --- [http-nio-8080-exec-4] c.r.pma.logging.ApplicationLoggerAspect  : ************** After Method Excecution ************* 
 com.raj.pma.controllers.EmployeeController.displayEmployeeForm () with arguments[s]= [{employee=com.raj.pma.entities.Employee@6c0461a3}]
2020-02-03 13:05:33.736 DEBUG 1674 --- [http-nio-8080-exec-4] c.r.pma.logging.ApplicationLoggerAspect  : --------------------------------------
 
 

2020-02-03 13:05:55.627 DEBUG 1674 --- [http-nio-8080-exec-5] c.r.pma.logging.ApplicationLoggerAspect  : 
 
 

2020-02-03 13:05:55.627 DEBUG 1674 --- [http-nio-8080-exec-5] c.r.pma.logging.ApplicationLoggerAspect  : ************** Before Method Excecution ************* 
 com.raj.pma.controllers.EmployeeController.displayEmployeeForm () with arguments[s]= [{}]
2020-02-03 13:05:55.627 DEBUG 1674 --- [http-nio-8080-exec-5] c.r.pma.logging.ApplicationLoggerAspect  : --------------------------------------
 
 

2020-02-03 13:05:55.627 DEBUG 1674 --- [http-nio-8080-exec-5] c.r.pma.logging.ApplicationLoggerAspect  : ************** After Method Excecution ************* 
 com.raj.pma.controllers.EmployeeController.displayEmployeeForm () with arguments[s]= [{employee=com.raj.pma.entities.Employee@332a8677}]
2020-02-03 13:05:55.627 DEBUG 1674 --- [http-nio-8080-exec-5] c.r.pma.logging.ApplicationLoggerAspect  : --------------------------------------
 
 

2020-02-03 13:05:56.113 DEBUG 1674 --- [http-nio-8080-exec-8] c.r.pma.logging.ApplicationLoggerAspect  : 
 
 

2020-02-03 13:05:56.114 DEBUG 1674 --- [http-nio-8080-exec-8] c.r.pma.logging.ApplicationLoggerAspect  : ************** Before Method Excecution ************* 
 com.raj.pma.controllers.EmployeeController.displayEmployees () with arguments[s]= [{}]
2020-02-03 13:05:56.114 DEBUG 1674 --- [http-nio-8080-exec-8] c.r.pma.logging.ApplicationLoggerAspect  : --------------------------------------
 
 

2020-02-03 13:05:56.116 DEBUG 1674 --- [http-nio-8080-exec-8] c.r.pma.logging.ApplicationLoggerAspect  : ************** After Method Excecution ************* 
 com.raj.pma.controllers.EmployeeController.displayEmployees () with arguments[s]= [{employees=[]}]
2020-02-03 13:05:56.116 DEBUG 1674 --- [http-nio-8080-exec-8] c.r.pma.logging.ApplicationLoggerAspect  : --------------------------------------
 
 

2020-02-03 13:05:57.470 DEBUG 1674 --- [http-nio-8080-exec-9] c.r.pma.logging.ApplicationLoggerAspect  : 
 
 

2020-02-03 13:05:57.471 DEBUG 1674 --- [http-nio-8080-exec-9] c.r.pma.logging.ApplicationLoggerAspect  : ************** Before Method Excecution ************* 
 com.raj.pma.controllers.HomeController.displayHome () with arguments[s]= [{}]
2020-02-03 13:05:57.471 DEBUG 1674 --- [http-nio-8080-exec-9] c.r.pma.logging.ApplicationLoggerAspect  : --------------------------------------
 
 

2020-02-03 13:05:57.476 DEBUG 1674 --- [http-nio-8080-exec-9] c.r.pma.logging.ApplicationLoggerAspect  : ************** After Method Excecution ************* 
 com.raj.pma.controllers.HomeController.displayHome () with arguments[s]= [{versionNumber=dev, projects=[], projectStatusCount=[], employeesProjectCount=[]}]
2020-02-03 13:05:57.476 DEBUG 1674 --- [http-nio-8080-exec-9] c.r.pma.logging.ApplicationLoggerAspect  : --------------------------------------
 
 

2020-02-03 13:06:09.052  INFO 1674 --- [Thread-9] o.s.s.concurrent.ThreadPoolTaskExecutor  : Shutting down ExecutorService 'applicationTaskExecutor'
2020-02-03 13:06:09.054  INFO 1674 --- [Thread-9] j.LocalContainerEntityManagerFactoryBean : Closing JPA EntityManagerFactory for persistence unit 'default'
2020-02-03 13:06:09.060  INFO 1674 --- [Thread-9] o.s.b.f.support.DisposableBeanAdapter    : Invocation of destroy method failed on bean with name 'inMemoryDatabaseShutdownExecutor': org.h2.jdbc.JdbcSQLNonTransientConnectionException: Database is already closed (to disable automatic closing at VM shutdown, add ";DB_CLOSE_ON_EXIT=FALSE" to the db URL) [90121-199]
2020-02-03 13:06:14.227  INFO 1674 --- [restartedMain] c.raj.pma.ProjectManagementApplication   : Starting ProjectManagementApplication on Rajs-MacBook-Air.local with PID 1674 (/Users/rajkhare/git/ASM-project-management/project-management/target/classes started by rajkhare in /Users/rajkhare/git/ASM-project-management/project-management)
2020-02-03 13:06:14.227 DEBUG 1674 --- [restartedMain] c.raj.pma.ProjectManagementApplication   : Running with Spring Boot v2.1.4.RELEASE, Spring v5.1.6.RELEASE
2020-02-03 13:06:14.227  INFO 1674 --- [restartedMain] c.raj.pma.ProjectManagementApplication   : The following profiles are active: dev
2020-02-03 13:06:14.471  INFO 1674 --- [restartedMain] .s.d.r.c.RepositoryConfigurationDelegate : Bootstrapping Spring Data repositories in DEFAULT mode.
2020-02-03 13:06:14.483  INFO 1674 --- [restartedMain] .s.d.r.c.RepositoryConfigurationDelegate : Finished Spring Data repository scanning in 11ms. Found 2 repository interfaces.
2020-02-03 13:06:14.568  INFO 1674 --- [restartedMain] trationDelegate$BeanPostProcessorChecker : Bean 'org.springframework.transaction.annotation.ProxyTransactionManagementConfiguration' of type [org.springframework.transaction.annotation.ProxyTransactionManagementConfiguration$$EnhancerBySpringCGLIB$$1165fe1f] is not eligible for getting processed by all BeanPostProcessors (for example: not eligible for auto-proxying)
2020-02-03 13:06:14.658  INFO 1674 --- [restartedMain] o.s.b.w.embedded.tomcat.TomcatWebServer  : Tomcat initialized with port(s): 8080 (http)
2020-02-03 13:06:14.676  INFO 1674 --- [restartedMain] o.s.web.context.ContextLoader            : Root WebApplicationContext: initialization completed in 447 ms
2020-02-03 13:06:14.760  INFO 1674 --- [restartedMain] o.s.b.d.a.OptionalLiveReloadServer       : LiveReload server is running on port 35729
2020-02-03 13:06:14.943  INFO 1674 --- [restartedMain] j.LocalContainerEntityManagerFactoryBean : Initialized JPA EntityManagerFactory for persistence unit 'default'
2020-02-03 13:06:15.138  INFO 1674 --- [restartedMain] o.s.s.web.DefaultSecurityFilterChain     : Creating filter chain: any request, [org.springframework.security.web.context.request.async.WebAsyncManagerIntegrationFilter@3842e956, org.springframework.security.web.context.SecurityContextPersistenceFilter@31b55082, org.springframework.security.web.header.HeaderWriterFilter@1f457be4, org.springframework.security.web.csrf.CsrfFilter@44b1ffa1, org.springframework.security.web.authentication.logout.LogoutFilter@37e4c108, org.springframework.security.web.authentication.UsernamePasswordAuthenticationFilter@55da14a, org.springframework.security.web.authentication.ui.DefaultLoginPageGeneratingFilter@2c4eb543, org.springframework.security.web.authentication.ui.DefaultLogoutPageGeneratingFilter@41ac96f1, org.springframework.security.web.savedrequest.RequestCacheAwareFilter@751b809f, org.springframework.security.web.servletapi.SecurityContextHolderAwareRequestFilter@41b54f83, org.springframework.security.web.authentication.AnonymousAuthenticationFilter@2e64251d, org.springframework.security.web.session.SessionManagementFilter@7a32f492, org.springframework.security.web.access.ExceptionTranslationFilter@10ca8417, org.springframework.security.web.access.intercept.FilterSecurityInterceptor@4285b445]
2020-02-03 13:06:15.244  INFO 1674 --- [restartedMain] o.s.s.concurrent.ThreadPoolTaskExecutor  : Initializing ExecutorService 'applicationTaskExecutor'
2020-02-03 13:06:15.253  WARN 1674 --- [restartedMain] aWebConfiguration$JpaWebMvcConfiguration : spring.jpa.open-in-view is enabled by default. Therefore, database queries may be performed during view rendering. Explicitly configure spring.jpa.open-in-view to disable this warning
2020-02-03 13:06:15.409  INFO 1674 --- [restartedMain] o.s.b.w.embedded.tomcat.TomcatWebServer  : Tomcat started on port(s): 8080 (http) with context path ''
2020-02-03 13:06:15.419  INFO 1674 --- [restartedMain] c.raj.pma.ProjectManagementApplication   : Started ProjectManagementApplication in 6.239 seconds (JVM running for 800.472)
2020-02-03 13:06:15.455  INFO 1674 --- [restartedMain] .ConditionEvaluationDeltaLoggingListener : Condition evaluation unchanged
2020-02-03 13:44:12.471  WARN 1674 --- [HikariPool-3 housekeeper] com.zaxxer.hikari.pool.HikariPool        : HikariPool-3 - Thread starvation or clock leap detected (housekeeper delta=30m27s547ms).
2020-02-03 13:59:08.018  WARN 1674 --- [HikariPool-3 housekeeper] com.zaxxer.hikari.pool.HikariPool        : HikariPool-3 - Thread starvation or clock leap detected (housekeeper delta=14m55s547ms).
2020-02-03 15:18:20.339  WARN 1674 --- [HikariPool-3 housekeeper] com.zaxxer.hikari.pool.HikariPool        : HikariPool-3 - Thread starvation or clock leap detected (housekeeper delta=1h19m12s321ms).
2020-02-03 15:20:36.869  INFO 1674 --- [http-nio-8080-exec-1] o.s.web.servlet.DispatcherServlet        : Initializing Servlet 'dispatcherServlet'
2020-02-03 15:20:36.874  INFO 1674 --- [http-nio-8080-exec-1] o.s.web.servlet.DispatcherServlet        : Completed initialization in 5 ms
2020-02-03 15:20:58.519 DEBUG 1674 --- [http-nio-8080-exec-1] c.r.pma.logging.ApplicationLoggerAspect  : 
 
 

2020-02-03 15:20:58.519 DEBUG 1674 --- [http-nio-8080-exec-1] c.r.pma.logging.ApplicationLoggerAspect  : ************** Before Method Excecution ************* 
 com.raj.pma.controllers.HomeController.displayHome () with arguments[s]= [{}]
2020-02-03 15:20:58.520 DEBUG 1674 --- [http-nio-8080-exec-1] c.r.pma.logging.ApplicationLoggerAspect  : --------------------------------------
 
 

2020-02-03 15:20:58.530 DEBUG 1674 --- [http-nio-8080-exec-1] c.r.pma.logging.ApplicationLoggerAspect  : ************** After Method Excecution ************* 
 com.raj.pma.controllers.HomeController.displayHome () with arguments[s]= [{versionNumber=dev, projects=[], projectStatusCount=[], employeesProjectCount=[]}]
2020-02-03 15:20:58.530 DEBUG 1674 --- [http-nio-8080-exec-1] c.r.pma.logging.ApplicationLoggerAspect  : --------------------------------------
 
 

2020-02-03 15:21:00.605 DEBUG 1674 --- [http-nio-8080-exec-4] c.r.pma.logging.ApplicationLoggerAspect  : 
 
 

2020-02-03 15:21:00.605 DEBUG 1674 --- [http-nio-8080-exec-4] c.r.pma.logging.ApplicationLoggerAspect  : ************** Before Method Excecution ************* 
 com.raj.pma.controllers.EmployeeController.displayEmployees () with arguments[s]= [{}]
2020-02-03 15:21:00.605 DEBUG 1674 --- [http-nio-8080-exec-4] c.r.pma.logging.ApplicationLoggerAspect  : --------------------------------------
 
 

2020-02-03 15:21:00.613 DEBUG 1674 --- [http-nio-8080-exec-4] c.r.pma.logging.ApplicationLoggerAspect  : ************** After Method Excecution ************* 
 com.raj.pma.controllers.EmployeeController.displayEmployees () with arguments[s]= [{employees=[]}]
2020-02-03 15:21:00.613 DEBUG 1674 --- [http-nio-8080-exec-4] c.r.pma.logging.ApplicationLoggerAspect  : --------------------------------------
 
 

2020-02-03 15:21:05.464 DEBUG 1674 --- [http-nio-8080-exec-7] c.r.pma.logging.ApplicationLoggerAspect  : 
 
 

2020-02-03 15:21:05.464 DEBUG 1674 --- [http-nio-8080-exec-7] c.r.pma.logging.ApplicationLoggerAspect  : ************** Before Method Excecution ************* 
 com.raj.pma.controllers.HomeController.displayHome () with arguments[s]= [{}]
2020-02-03 15:21:05.464 DEBUG 1674 --- [http-nio-8080-exec-7] c.r.pma.logging.ApplicationLoggerAspect  : --------------------------------------
 
 

2020-02-03 15:21:05.468 DEBUG 1674 --- [http-nio-8080-exec-7] c.r.pma.logging.ApplicationLoggerAspect  : ************** After Method Excecution ************* 
 com.raj.pma.controllers.HomeController.displayHome () with arguments[s]= [{versionNumber=dev, projects=[], projectStatusCount=[], employeesProjectCount=[]}]
2020-02-03 15:21:05.468 DEBUG 1674 --- [http-nio-8080-exec-7] c.r.pma.logging.ApplicationLoggerAspect  : --------------------------------------
 
 

2020-02-03 15:30:34.068  INFO 1674 --- [RMI TCP Connection(51)-127.0.0.1] inMXBeanRegistrar$SpringApplicationAdmin : Application shutdown requested.
2020-02-03 15:30:34.072  INFO 1674 --- [RMI TCP Connection(51)-127.0.0.1] o.s.s.concurrent.ThreadPoolTaskExecutor  : Shutting down ExecutorService 'applicationTaskExecutor'
2020-02-03 15:30:34.073  INFO 1674 --- [RMI TCP Connection(51)-127.0.0.1] j.LocalContainerEntityManagerFactoryBean : Closing JPA EntityManagerFactory for persistence unit 'default'
2020-02-03 15:30:34.085  INFO 1674 --- [RMI TCP Connection(51)-127.0.0.1] o.s.b.f.support.DisposableBeanAdapter    : Invocation of destroy method failed on bean with name 'inMemoryDatabaseShutdownExecutor': org.h2.jdbc.JdbcSQLNonTransientConnectionException: Database is already closed (to disable automatic closing at VM shutdown, add ";DB_CLOSE_ON_EXIT=FALSE" to the db URL) [90121-199]
